<?xml version="1.0" encoding="UTF-8"?>
<!-- Generated by org.testng.reporters.JUnitReportReporter -->
<testsuite skipped="0" hostname="LAPTOP-9VKHEH12" name="Tests.test002" tests="2" failures="0" timestamp="17 Jul 2021 15:12:38 GMT" time="36.189" errors="0">
  <testcase name="findPrizeAMA" time="20.868" classname="Tests.test002"/>
  <testcase name="findPrizeFLIP" time="15.321" classname="Tests.test002"/>
</testsuite> <!-- Tests.test002 -->
