<?xml version="1.0" encoding="UTF-8"?>
<!-- Generated by org.testng.reporters.JUnitReportReporter -->
<testsuite skipped="0" hostname="LAPTOP-9VKHEH12" name="Tests.Todo" tests="3" failures="0" timestamp="26 Sep 2023 14:42:21 GMT" time="0.001" errors="0">
  <testcase name="check_for_empty_fc_users" time="0.001" classname="Tests.Todo"/>
  <testcase name="check_all_fc_users_percentage_to_be_above_50" time="0.000" classname="Tests.Todo"/>
  <testcase name="check_for_empty_todo" time="0.000" classname="Tests.Todo"/>
</testsuite> <!-- Tests.Todo -->
