<?xml version="1.0" encoding="UTF-8"?>
<!-- Generated by org.testng.reporters.JUnitReportReporter -->
<testsuite skipped="0" hostname="LAPTOP-9VKHEH12" name="Tests.test002" tests="2" failures="0" timestamp="19 Jul 2021 09:40:57 GMT" time="42.979" errors="0">
  <testcase name="findPrizeAMA" time="24.103" classname="Tests.test002"/>
  <testcase name="findPrizeFLIP" time="18.876" classname="Tests.test002"/>
</testsuite> <!-- Tests.test002 -->
