<?xml version="1.0" encoding="UTF-8"?>
<!-- Generated by org.testng.reporters.JUnitReportReporter -->
<testsuite skipped="0" hostname="LAPTOP-9VKHEH12" name="Tests.test002" tests="2" failures="0" timestamp="16 Jul 2021 12:57:49 GMT" time="30.761" errors="0">
  <testcase name="findPrizeAMA" time="17.565" classname="Tests.test002"/>
  <testcase name="findPrizeFLIP" time="13.196" classname="Tests.test002"/>
</testsuite> <!-- Tests.test002 -->
