<?xml version="1.0" encoding="UTF-8"?>
<!-- Generated by org.testng.reporters.JUnitReportReporter -->
<testsuite skipped="0" hostname="LAPTOP-9VKHEH12" name="Tests.test001" tests="1" failures="0" timestamp="16 Jul 2021 12:57:49 GMT" time="13.812" errors="0">
  <testcase name="findPrize" time="13.812" classname="Tests.test001"/>
</testsuite> <!-- Tests.test001 -->
